<?xml version="1.0" encoding="UTF-8"?>
<coverage generated="1723360229832" clover="3.2.0">
  <project timestamp="1723360229832" name="All files">
    <metrics statements="90" coveredstatements="89" conditionals="17" coveredconditionals="16" methods="29" coveredmethods="29" elements="136" coveredelements="134" complexity="0" loc="90" ncloc="90" packages="4" files="8" classes="8"/>
    <package name="src">
      <metrics statements="3" coveredstatements="3" conditionals="0" coveredconditionals="0" methods="0" coveredmethods="0"/>
      <file name="index.ts" path="/Users/junyoungkim/Desktop/junyoung/app/source/data-structure/src/index.ts">
        <metrics statements="3" coveredstatements="3" conditionals="0" coveredconditionals="0" methods="0" coveredmethods="0"/>
        <line num="1" count="4" type="stmt"/>
        <line num="2" count="4" type="stmt"/>
        <line num="3" count="4" type="stmt"/>
      </file>
    </package>
    <package name="src.linked-list">
      <metrics statements="60" coveredstatements="59" conditionals="15" coveredconditionals="14" methods="15" coveredmethods="15"/>
      <file name="index.ts" path="/Users/junyoungkim/Desktop/junyoung/app/source/data-structure/src/linked-list/index.ts">
        <metrics statements="2" coveredstatements="2" conditionals="0" coveredconditionals="0" methods="2" coveredmethods="2"/>
        <line num="1" count="10" type="stmt"/>
        <line num="2" count="30" type="stmt"/>
      </file>
      <file name="linked-list-node.ts" path="/Users/junyoungkim/Desktop/junyoung/app/source/data-structure/src/linked-list/linked-list-node.ts">
        <metrics statements="8" coveredstatements="8" conditionals="2" coveredconditionals="2" methods="5" coveredmethods="5"/>
        <line num="30" count="54" type="stmt"/>
        <line num="38" count="54" type="stmt"/>
        <line num="58" count="36" type="stmt"/>
        <line num="78" count="26" type="stmt"/>
        <line num="87" count="24" type="cond" truecount="2" falsecount="0"/>
        <line num="106" count="18" type="stmt"/>
        <line num="107" count="18" type="stmt"/>
        <line num="113" count="4" type="stmt"/>
      </file>
      <file name="linked-list.ts" path="/Users/junyoungkim/Desktop/junyoung/app/source/data-structure/src/linked-list/linked-list.ts">
        <metrics statements="50" coveredstatements="49" conditionals="13" coveredconditionals="12" methods="8" coveredmethods="8"/>
        <line num="1" count="4" type="stmt"/>
        <line num="11" count="26" type="stmt"/>
        <line num="20" count="26" type="stmt"/>
        <line num="52" count="34" type="stmt"/>
        <line num="54" count="34" type="cond" truecount="2" falsecount="0"/>
        <line num="55" count="16" type="stmt"/>
        <line num="57" count="18" type="stmt"/>
        <line num="58" count="18" type="stmt"/>
        <line num="59" count="6" type="stmt"/>
        <line num="61" count="18" type="stmt"/>
        <line num="63" count="34" type="stmt"/>
        <line num="95" count="16" type="stmt"/>
        <line num="96" count="16" type="cond" truecount="2" falsecount="0"/>
        <line num="97" count="6" type="stmt"/>
        <line num="99" count="10" type="stmt"/>
        <line num="100" count="10" type="stmt"/>
        <line num="101" count="10" type="stmt"/>
        <line num="103" count="16" type="stmt"/>
        <line num="125" count="45" type="cond" truecount="1" falsecount="0"/>
        <line num="126" count="1" type="stmt"/>
        <line num="128" count="44" type="cond" truecount="3" falsecount="0"/>
        <line num="129" count="12" type="stmt"/>
        <line num="132" count="32" type="stmt"/>
        <line num="133" count="32" type="stmt"/>
        <line num="134" count="13" type="stmt"/>
        <line num="137" count="32" type="stmt"/>
        <line num="161" count="16" type="cond" truecount="0" falsecount="1"/>
        <line num="163" count="16" type="cond" truecount="1" falsecount="0"/>
        <line num="164" count="13" type="stmt"/>
        <line num="165" count="13" type="stmt"/>
        <line num="166" count="13" type="stmt"/>
        <line num="169" count="3" type="stmt"/>
        <line num="170" count="3" type="cond" truecount="2" falsecount="0"/>
        <line num="171" count="0" type="stmt"/>
        <line num="174" count="3" type="cond" truecount="1" falsecount="0"/>
        <line num="175" count="2" type="stmt"/>
        <line num="176" count="2" type="stmt"/>
        <line num="177" count="2" type="stmt"/>
        <line num="180" count="1" type="stmt"/>
        <line num="198" count="25" type="stmt"/>
        <line num="215" count="17" type="stmt"/>
        <line num="234" count="5" type="stmt"/>
        <line num="235" count="5" type="stmt"/>
        <line num="236" count="5" type="stmt"/>
        <line num="237" count="11" type="stmt"/>
        <line num="238" count="11" type="stmt"/>
        <line num="240" count="5" type="stmt"/>
        <line num="258" count="3" type="stmt"/>
        <line num="259" count="3" type="stmt"/>
        <line num="263" count="4" type="stmt"/>
      </file>
    </package>
    <package name="src.queue">
      <metrics statements="13" coveredstatements="13" conditionals="1" coveredconditionals="1" methods="7" coveredmethods="7"/>
      <file name="index.ts" path="/Users/junyoungkim/Desktop/junyoung/app/source/data-structure/src/queue/index.ts">
        <metrics statements="1" coveredstatements="1" conditionals="0" coveredconditionals="0" methods="1" coveredmethods="1"/>
        <line num="1" count="11" type="stmt"/>
      </file>
      <file name="queue.ts" path="/Users/junyoungkim/Desktop/junyoung/app/source/data-structure/src/queue/queue.ts">
        <metrics statements="12" coveredstatements="12" conditionals="1" coveredconditionals="1" methods="6" coveredmethods="6"/>
        <line num="1" count="4" type="stmt"/>
        <line num="15" count="7" type="stmt"/>
        <line num="34" count="9" type="stmt"/>
        <line num="57" count="6" type="stmt"/>
        <line num="58" count="6" type="cond" truecount="1" falsecount="0"/>
        <line num="59" count="5" type="stmt"/>
        <line num="61" count="6" type="stmt"/>
        <line num="82" count="9" type="stmt"/>
        <line num="99" count="4" type="stmt"/>
        <line num="117" count="7" type="stmt"/>
        <line num="127" count="1" type="stmt"/>
        <line num="132" count="4" type="stmt"/>
      </file>
    </package>
    <package name="src.stack">
      <metrics statements="14" coveredstatements="14" conditionals="1" coveredconditionals="1" methods="7" coveredmethods="7"/>
      <file name="index.ts" path="/Users/junyoungkim/Desktop/junyoung/app/source/data-structure/src/stack/index.ts">
        <metrics statements="2" coveredstatements="2" conditionals="0" coveredconditionals="0" methods="1" coveredmethods="1"/>
        <line num="1" count="11" type="stmt"/>
        <line num="2" count="4" type="stmt"/>
      </file>
      <file name="stack.ts" path="/Users/junyoungkim/Desktop/junyoung/app/source/data-structure/src/stack/stack.ts">
        <metrics statements="12" coveredstatements="12" conditionals="1" coveredconditionals="1" methods="6" coveredmethods="6"/>
        <line num="2" count="4" type="stmt"/>
        <line num="18" count="7" type="stmt"/>
        <line num="35" count="1" type="stmt"/>
        <line num="55" count="8" type="stmt"/>
        <line num="70" count="13" type="stmt"/>
        <line num="86" count="7" type="stmt"/>
        <line num="87" count="7" type="cond" truecount="1" falsecount="0"/>
        <line num="88" count="5" type="stmt"/>
        <line num="90" count="7" type="stmt"/>
        <line num="100" count="13" type="stmt"/>
        <line num="117" count="9" type="stmt"/>
        <line num="122" count="4" type="stmt"/>
      </file>
    </package>
  </project>
</coverage>
