<?xml version="1.0" encoding="UTF-8"?>
<coverage generated="1723350021778" clover="3.2.0">
  <project timestamp="1723350021778" name="All files">
    <metrics statements="67" coveredstatements="66" conditionals="14" coveredconditionals="13" methods="20" coveredmethods="20" elements="101" coveredelements="99" complexity="0" loc="67" ncloc="67" packages="3" files="6" classes="6"/>
    <package name="src">
      <metrics statements="2" coveredstatements="2" conditionals="0" coveredconditionals="0" methods="0" coveredmethods="0"/>
      <file name="index.ts" path="/Users/junyoungkim/Desktop/junyoung/app/source/data-structure/src/index.ts">
        <metrics statements="2" coveredstatements="2" conditionals="0" coveredconditionals="0" methods="0" coveredmethods="0"/>
        <line num="1" count="3" type="stmt"/>
        <line num="2" count="3" type="stmt"/>
      </file>
    </package>
    <package name="src.linked-list">
      <metrics statements="51" coveredstatements="50" conditionals="13" coveredconditionals="12" methods="13" coveredmethods="13"/>
      <file name="index.ts" path="/Users/junyoungkim/Desktop/junyoung/app/source/data-structure/src/linked-list/index.ts">
        <metrics statements="2" coveredstatements="2" conditionals="0" coveredconditionals="0" methods="2" coveredmethods="2"/>
        <line num="1" count="9" type="stmt"/>
        <line num="2" count="20" type="stmt"/>
      </file>
      <file name="linked-list-node.ts" path="/Users/junyoungkim/Desktop/junyoung/app/source/data-structure/src/linked-list/linked-list-node.ts">
        <metrics statements="8" coveredstatements="8" conditionals="2" coveredconditionals="2" methods="5" coveredmethods="5"/>
        <line num="30" count="35" type="stmt"/>
        <line num="38" count="35" type="stmt"/>
        <line num="58" count="22" type="stmt"/>
        <line num="78" count="23" type="stmt"/>
        <line num="87" count="21" type="cond" truecount="2" falsecount="0"/>
        <line num="106" count="16" type="stmt"/>
        <line num="107" count="16" type="stmt"/>
        <line num="113" count="3" type="stmt"/>
      </file>
      <file name="linked-list.ts" path="/Users/junyoungkim/Desktop/junyoung/app/source/data-structure/src/linked-list/linked-list.ts">
        <metrics statements="41" coveredstatements="40" conditionals="11" coveredconditionals="10" methods="6" coveredmethods="6"/>
        <line num="1" count="3" type="stmt"/>
        <line num="11" count="17" type="stmt"/>
        <line num="20" count="17" type="stmt"/>
        <line num="49" count="31" type="stmt"/>
        <line num="51" count="31" type="cond" truecount="2" falsecount="0"/>
        <line num="52" count="15" type="stmt"/>
        <line num="54" count="16" type="stmt"/>
        <line num="55" count="16" type="stmt"/>
        <line num="56" count="5" type="stmt"/>
        <line num="58" count="16" type="stmt"/>
        <line num="60" count="31" type="stmt"/>
        <line num="82" count="26" type="cond" truecount="1" falsecount="0"/>
        <line num="83" count="1" type="stmt"/>
        <line num="85" count="25" type="cond" truecount="3" falsecount="0"/>
        <line num="86" count="7" type="stmt"/>
        <line num="89" count="18" type="stmt"/>
        <line num="90" count="18" type="stmt"/>
        <line num="91" count="6" type="stmt"/>
        <line num="94" count="18" type="stmt"/>
        <line num="118" count="13" type="cond" truecount="0" falsecount="1"/>
        <line num="120" count="13" type="cond" truecount="1" falsecount="0"/>
        <line num="121" count="10" type="stmt"/>
        <line num="122" count="10" type="stmt"/>
        <line num="123" count="10" type="stmt"/>
        <line num="126" count="3" type="stmt"/>
        <line num="127" count="3" type="cond" truecount="2" falsecount="0"/>
        <line num="128" count="0" type="stmt"/>
        <line num="131" count="3" type="cond" truecount="1" falsecount="0"/>
        <line num="132" count="2" type="stmt"/>
        <line num="133" count="2" type="stmt"/>
        <line num="134" count="2" type="stmt"/>
        <line num="137" count="1" type="stmt"/>
        <line num="155" count="13" type="stmt"/>
        <line num="172" count="10" type="stmt"/>
        <line num="191" count="5" type="stmt"/>
        <line num="192" count="5" type="stmt"/>
        <line num="193" count="5" type="stmt"/>
        <line num="194" count="11" type="stmt"/>
        <line num="195" count="11" type="stmt"/>
        <line num="197" count="5" type="stmt"/>
        <line num="201" count="3" type="stmt"/>
      </file>
    </package>
    <package name="src.queue">
      <metrics statements="14" coveredstatements="14" conditionals="1" coveredconditionals="1" methods="7" coveredmethods="7"/>
      <file name="index.ts" path="/Users/junyoungkim/Desktop/junyoung/app/source/data-structure/src/queue/index.ts">
        <metrics statements="1" coveredstatements="1" conditionals="0" coveredconditionals="0" methods="1" coveredmethods="1"/>
        <line num="1" count="10" type="stmt"/>
      </file>
      <file name="queue.ts" path="/Users/junyoungkim/Desktop/junyoung/app/source/data-structure/src/queue/queue.ts">
        <metrics statements="13" coveredstatements="13" conditionals="1" coveredconditionals="1" methods="6" coveredmethods="6"/>
        <line num="1" count="3" type="stmt"/>
        <line num="15" count="7" type="stmt"/>
        <line num="33" count="9" type="stmt"/>
        <line num="56" count="8" type="stmt"/>
        <line num="57" count="8" type="cond" truecount="1" falsecount="0"/>
        <line num="58" count="7" type="stmt"/>
        <line num="60" count="8" type="stmt"/>
        <line num="81" count="11" type="stmt"/>
        <line num="98" count="7" type="stmt"/>
        <line num="116" count="7" type="stmt"/>
        <line num="126" count="1" type="stmt"/>
        <line num="127" count="2" type="stmt"/>
        <line num="132" count="3" type="stmt"/>
      </file>
    </package>
  </project>
</coverage>
