{"/Users/junyoungkim/Desktop/junyoung/app/source/data-structure/src/index.ts": {"path":"/Users/junyoungkim/Desktop/junyoung/app/source/data-structure/src/index.ts","statementMap":{"0":{"start":{"line":1,"column":0},"end":{"line":1,"column":29}},"1":{"start":{"line":2,"column":0},"end":{"line":2,"column":23}},"2":{"start":{"line":3,"column":0},"end":{"line":3,"column":23}}},"fnMap":{},"branchMap":{},"s":{"0":4,"1":4,"2":4},"f":{},"b":{}}
,"/Users/junyoungkim/Desktop/junyoung/app/source/data-structure/src/linked-list/index.ts": {"path":"/Users/junyoungkim/Desktop/junyoung/app/source/data-structure/src/linked-list/index.ts","statementMap":{"0":{"start":{"line":1,"column":0},"end":{"line":1,"column":8}},"1":{"start":{"line":1,"column":8},"end":{"line":1,"column":33}},"2":{"start":{"line":2,"column":0},"end":{"line":2,"column":8}},"3":{"start":{"line":2,"column":8},"end":{"line":2,"column":29}}},"fnMap":{"0":{"name":"(anonymous_1)","decl":{"start":{"line":1,"column":8},"end":{"line":1,"column":15}},"loc":{"start":{"line":1,"column":8},"end":{"line":1,"column":33}}},"1":{"name":"(anonymous_2)","decl":{"start":{"line":2,"column":8},"end":{"line":2,"column":15}},"loc":{"start":{"line":2,"column":8},"end":{"line":2,"column":29}}}},"branchMap":{},"s":{"0":4,"1":10,"2":4,"3":30},"f":{"0":6,"1":26},"b":{}}
,"/Users/junyoungkim/Desktop/junyoung/app/source/data-structure/src/linked-list/linked-list-node.ts": {"path":"/Users/junyoungkim/Desktop/junyoung/app/source/data-structure/src/linked-list/linked-list-node.ts","statementMap":{"0":{"start":{"line":30,"column":41},"end":{"line":30,"column":45}},"1":{"start":{"line":38,"column":2},"end":{"line":38,"column":21}},"2":{"start":{"line":58,"column":2},"end":{"line":58,"column":null}},"3":{"start":{"line":78,"column":2},"end":{"line":78,"column":null}},"4":{"start":{"line":87,"column":2},"end":{"line":87,"column":null}},"5":{"start":{"line":106,"column":2},"end":{"line":106,"column":null}},"6":{"start":{"line":107,"column":2},"end":{"line":107,"column":null}},"7":{"start":{"line":113,"column":0},"end":{"line":113,"column":30}}},"fnMap":{"0":{"name":"(anonymous_0)","decl":{"start":{"line":37,"column":1},"end":{"line":37,"column":13}},"loc":{"start":{"line":37,"column":21},"end":{"line":39,"column":2}}},"1":{"name":"(anonymous_1)","decl":{"start":{"line":56,"column":8},"end":{"line":56,"column":16}},"loc":{"start":{"line":56,"column":16},"end":{"line":59,"column":2}}},"2":{"name":"(anonymous_2)","decl":{"start":{"line":76,"column":8},"end":{"line":76,"column":15}},"loc":{"start":{"line":76,"column":15},"end":{"line":79,"column":2}}},"3":{"name":"(anonymous_3)","decl":{"start":{"line":85,"column":8},"end":{"line":85,"column":14}},"loc":{"start":{"line":85,"column":14},"end":{"line":88,"column":2}}},"4":{"name":"(anonymous_4)","decl":{"start":{"line":104,"column":8},"end":{"line":104,"column":15}},"loc":{"start":{"line":104,"column":39},"end":{"line":108,"column":2}}}},"branchMap":{"0":{"loc":{"start":{"line":87,"column":9},"end":{"line":87,"column":38}},"type":"cond-expr","locations":[{"start":{"line":87,"column":26},"end":{"line":87,"column":30}},{"start":{"line":87,"column":33},"end":{"line":87,"column":38}}]}},"s":{"0":54,"1":54,"2":36,"3":26,"4":24,"5":18,"6":18,"7":4},"f":{"0":54,"1":36,"2":26,"3":24,"4":18},"b":{"0":[6,18]}}
,"/Users/junyoungkim/Desktop/junyoung/app/source/data-structure/src/linked-list/linked-list.ts": {"path":"/Users/junyoungkim/Desktop/junyoung/app/source/data-structure/src/linked-list/linked-list.ts","statementMap":{"0":{"start":{"line":1,"column":0},"end":{"line":1,"column":48}},"1":{"start":{"line":11,"column":42},"end":{"line":11,"column":46}},"2":{"start":{"line":20,"column":26},"end":{"line":20,"column":27}},"3":{"start":{"line":52,"column":18},"end":{"line":52,"column":46}},"4":{"start":{"line":54,"column":2},"end":{"line":62,"column":3}},"5":{"start":{"line":55,"column":3},"end":{"line":55,"column":23}},"6":{"start":{"line":57,"column":17},"end":{"line":57,"column":26}},"7":{"start":{"line":58,"column":3},"end":{"line":60,"column":4}},"8":{"start":{"line":59,"column":4},"end":{"line":59,"column":null}},"9":{"start":{"line":61,"column":3},"end":{"line":61,"column":null}},"10":{"start":{"line":63,"column":2},"end":{"line":63,"column":null}},"11":{"start":{"line":95,"column":18},"end":{"line":95,"column":46}},"12":{"start":{"line":96,"column":2},"end":{"line":102,"column":3}},"13":{"start":{"line":97,"column":3},"end":{"line":97,"column":null}},"14":{"start":{"line":99,"column":23},"end":{"line":99,"column":32}},"15":{"start":{"line":100,"column":3},"end":{"line":100,"column":null}},"16":{"start":{"line":101,"column":3},"end":{"line":101,"column":null}},"17":{"start":{"line":103,"column":2},"end":{"line":103,"column":null}},"18":{"start":{"line":125,"column":2},"end":{"line":127,"column":3}},"19":{"start":{"line":126,"column":3},"end":{"line":126,"column":null}},"20":{"start":{"line":128,"column":2},"end":{"line":130,"column":3}},"21":{"start":{"line":129,"column":3},"end":{"line":129,"column":null}},"22":{"start":{"line":132,"column":35},"end":{"line":132,"column":44}},"23":{"start":{"line":133,"column":2},"end":{"line":135,"column":3}},"24":{"start":{"line":133,"column":14},"end":{"line":133,"column":15}},"25":{"start":{"line":134,"column":3},"end":{"line":134,"column":47}},"26":{"start":{"line":137,"column":2},"end":{"line":137,"column":null}},"27":{"start":{"line":161,"column":2},"end":{"line":161,"column":null}},"28":{"start":{"line":161,"column":17},"end":{"line":161,"column":null}},"29":{"start":{"line":163,"column":2},"end":{"line":167,"column":3}},"30":{"start":{"line":164,"column":3},"end":{"line":164,"column":null}},"31":{"start":{"line":165,"column":3},"end":{"line":165,"column":null}},"32":{"start":{"line":166,"column":3},"end":{"line":166,"column":null}},"33":{"start":{"line":169,"column":16},"end":{"line":169,"column":25}},"34":{"start":{"line":170,"column":2},"end":{"line":172,"column":3}},"35":{"start":{"line":171,"column":3},"end":{"line":171,"column":null}},"36":{"start":{"line":174,"column":2},"end":{"line":178,"column":3}},"37":{"start":{"line":175,"column":3},"end":{"line":175,"column":null}},"38":{"start":{"line":176,"column":3},"end":{"line":176,"column":null}},"39":{"start":{"line":177,"column":3},"end":{"line":177,"column":null}},"40":{"start":{"line":180,"column":2},"end":{"line":180,"column":null}},"41":{"start":{"line":198,"column":2},"end":{"line":198,"column":null}},"42":{"start":{"line":215,"column":2},"end":{"line":215,"column":27}},"43":{"start":{"line":234,"column":22},"end":{"line":234,"column":24}},"44":{"start":{"line":235,"column":16},"end":{"line":235,"column":25}},"45":{"start":{"line":236,"column":2},"end":{"line":239,"column":3}},"46":{"start":{"line":237,"column":3},"end":{"line":237,"column":null}},"47":{"start":{"line":238,"column":3},"end":{"line":238,"column":null}},"48":{"start":{"line":240,"column":2},"end":{"line":240,"column":null}},"49":{"start":{"line":258,"column":2},"end":{"line":258,"column":null}},"50":{"start":{"line":259,"column":2},"end":{"line":259,"column":null}},"51":{"start":{"line":263,"column":0},"end":{"line":263,"column":26}}},"fnMap":{"0":{"name":"(anonymous_1)","decl":{"start":{"line":50,"column":8},"end":{"line":50,"column":14}},"loc":{"start":{"line":50,"column":23},"end":{"line":64,"column":2}}},"1":{"name":"(anonymous_2)","decl":{"start":{"line":93,"column":8},"end":{"line":93,"column":15}},"loc":{"start":{"line":93,"column":24},"end":{"line":104,"column":2}}},"2":{"name":"(anonymous_3)","decl":{"start":{"line":123,"column":8},"end":{"line":123,"column":11}},"loc":{"start":{"line":123,"column":25},"end":{"line":138,"column":2}}},"3":{"name":"(anonymous_4)","decl":{"start":{"line":159,"column":8},"end":{"line":159,"column":14}},"loc":{"start":{"line":159,"column":23},"end":{"line":181,"column":2}}},"4":{"name":"(anonymous_5)","decl":{"start":{"line":196,"column":8},"end":{"line":196,"column":12}},"loc":{"start":{"line":196,"column":12},"end":{"line":199,"column":2}}},"5":{"name":"(anonymous_6)","decl":{"start":{"line":213,"column":8},"end":{"line":213,"column":15}},"loc":{"start":{"line":213,"column":15},"end":{"line":216,"column":2}}},"6":{"name":"(anonymous_7)","decl":{"start":{"line":232,"column":8},"end":{"line":232,"column":15}},"loc":{"start":{"line":232,"column":15},"end":{"line":241,"column":2}}},"7":{"name":"(anonymous_8)","decl":{"start":{"line":256,"column":8},"end":{"line":256,"column":13}},"loc":{"start":{"line":256,"column":13},"end":{"line":260,"column":2}}}},"branchMap":{"0":{"loc":{"start":{"line":54,"column":2},"end":{"line":62,"column":3}},"type":"if","locations":[{"start":{"line":54,"column":2},"end":{"line":62,"column":3}},{"start":{"line":56,"column":7},"end":{"line":62,"column":3}}]},"1":{"loc":{"start":{"line":96,"column":2},"end":{"line":102,"column":3}},"type":"if","locations":[{"start":{"line":96,"column":2},"end":{"line":102,"column":3}},{"start":{"line":98,"column":7},"end":{"line":102,"column":3}}]},"2":{"loc":{"start":{"line":125,"column":2},"end":{"line":127,"column":3}},"type":"if","locations":[{"start":{"line":125,"column":2},"end":{"line":127,"column":3}}]},"3":{"loc":{"start":{"line":128,"column":2},"end":{"line":130,"column":3}},"type":"if","locations":[{"start":{"line":128,"column":2},"end":{"line":130,"column":3}}]},"4":{"loc":{"start":{"line":128,"column":5},"end":{"line":128,"column":47}},"type":"binary-expr","locations":[{"start":{"line":128,"column":5},"end":{"line":128,"column":25}},{"start":{"line":128,"column":29},"end":{"line":128,"column":47}}]},"5":{"loc":{"start":{"line":161,"column":2},"end":{"line":161,"column":null}},"type":"if","locations":[{"start":{"line":161,"column":2},"end":{"line":161,"column":null}}]},"6":{"loc":{"start":{"line":163,"column":2},"end":{"line":167,"column":3}},"type":"if","locations":[{"start":{"line":163,"column":2},"end":{"line":167,"column":3}}]},"7":{"loc":{"start":{"line":170,"column":8},"end":{"line":170,"column":52}},"type":"binary-expr","locations":[{"start":{"line":170,"column":8},"end":{"line":170,"column":20}},{"start":{"line":170,"column":24},"end":{"line":170,"column":52}}]},"8":{"loc":{"start":{"line":174,"column":2},"end":{"line":178,"column":3}},"type":"if","locations":[{"start":{"line":174,"column":2},"end":{"line":178,"column":3}}]}},"s":{"0":4,"1":26,"2":26,"3":34,"4":34,"5":16,"6":18,"7":18,"8":6,"9":18,"10":34,"11":16,"12":16,"13":6,"14":10,"15":10,"16":10,"17":16,"18":45,"19":1,"20":44,"21":12,"22":32,"23":32,"24":32,"25":13,"26":32,"27":16,"28":0,"29":16,"30":13,"31":13,"32":13,"33":3,"34":3,"35":0,"36":3,"37":2,"38":2,"39":2,"40":1,"41":25,"42":17,"43":5,"44":5,"45":5,"46":11,"47":11,"48":5,"49":3,"50":3,"51":4},"f":{"0":34,"1":16,"2":45,"3":16,"4":25,"5":17,"6":5,"7":3},"b":{"0":[16,18],"1":[6,10],"2":[1],"3":[12],"4":[44,32],"5":[0],"6":[13],"7":[3,2],"8":[2]}}
,"/Users/junyoungkim/Desktop/junyoung/app/source/data-structure/src/queue/index.ts": {"path":"/Users/junyoungkim/Desktop/junyoung/app/source/data-structure/src/queue/index.ts","statementMap":{"0":{"start":{"line":1,"column":0},"end":{"line":1,"column":8}},"1":{"start":{"line":1,"column":8},"end":{"line":1,"column":24}}},"fnMap":{"0":{"name":"(anonymous_1)","decl":{"start":{"line":1,"column":8},"end":{"line":1,"column":15}},"loc":{"start":{"line":1,"column":8},"end":{"line":1,"column":24}}}},"branchMap":{},"s":{"0":4,"1":11},"f":{"0":7},"b":{}}
,"/Users/junyoungkim/Desktop/junyoung/app/source/data-structure/src/queue/queue.ts": {"path":"/Users/junyoungkim/Desktop/junyoung/app/source/data-structure/src/queue/queue.ts","statementMap":{"0":{"start":{"line":1,"column":0},"end":{"line":1,"column":42}},"1":{"start":{"line":15,"column":34},"end":{"line":15,"column":53}},"2":{"start":{"line":34,"column":8},"end":{"line":34,"column":null}},"3":{"start":{"line":57,"column":21},"end":{"line":57,"column":32}},"4":{"start":{"line":58,"column":8},"end":{"line":60,"column":9}},"5":{"start":{"line":59,"column":12},"end":{"line":59,"column":null}},"6":{"start":{"line":61,"column":8},"end":{"line":61,"column":null}},"7":{"start":{"line":82,"column":8},"end":{"line":82,"column":null}},"8":{"start":{"line":99,"column":8},"end":{"line":99,"column":null}},"9":{"start":{"line":117,"column":8},"end":{"line":117,"column":null}},"10":{"start":{"line":127,"column":8},"end":{"line":127,"column":null}},"11":{"start":{"line":132,"column":0},"end":{"line":132,"column":null}}},"fnMap":{"0":{"name":"(anonymous_0)","decl":{"start":{"line":32,"column":11},"end":{"line":32,"column":18}},"loc":{"start":{"line":32,"column":26},"end":{"line":35,"column":5}}},"1":{"name":"(anonymous_1)","decl":{"start":{"line":55,"column":11},"end":{"line":55,"column":18}},"loc":{"start":{"line":55,"column":18},"end":{"line":62,"column":5}}},"2":{"name":"(anonymous_2)","decl":{"start":{"line":80,"column":11},"end":{"line":80,"column":15}},"loc":{"start":{"line":80,"column":15},"end":{"line":83,"column":5}}},"3":{"name":"(anonymous_3)","decl":{"start":{"line":97,"column":11},"end":{"line":97,"column":18}},"loc":{"start":{"line":97,"column":18},"end":{"line":100,"column":5}}},"4":{"name":"(anonymous_4)","decl":{"start":{"line":115,"column":11},"end":{"line":115,"column":15}},"loc":{"start":{"line":115,"column":15},"end":{"line":118,"column":5}}},"5":{"name":"(anonymous_5)","decl":{"start":{"line":125,"column":11},"end":{"line":125,"column":16}},"loc":{"start":{"line":125,"column":16},"end":{"line":129,"column":5}}}},"branchMap":{"0":{"loc":{"start":{"line":58,"column":8},"end":{"line":60,"column":9}},"type":"if","locations":[{"start":{"line":58,"column":8},"end":{"line":60,"column":9}}]}},"s":{"0":4,"1":7,"2":9,"3":6,"4":6,"5":5,"6":6,"7":9,"8":4,"9":7,"10":1,"11":4},"f":{"0":9,"1":6,"2":9,"3":4,"4":7,"5":1},"b":{"0":[5]}}
,"/Users/junyoungkim/Desktop/junyoung/app/source/data-structure/src/stack/index.ts": {"path":"/Users/junyoungkim/Desktop/junyoung/app/source/data-structure/src/stack/index.ts","statementMap":{"0":{"start":{"line":1,"column":0},"end":{"line":1,"column":8}},"1":{"start":{"line":1,"column":8},"end":{"line":1,"column":24}},"2":{"start":{"line":2,"column":0},"end":{"line":2,"column":33}}},"fnMap":{"0":{"name":"(anonymous_5)","decl":{"start":{"line":1,"column":8},"end":{"line":1,"column":15}},"loc":{"start":{"line":1,"column":8},"end":{"line":1,"column":24}}}},"branchMap":{},"s":{"0":4,"1":11,"2":4},"f":{"0":7},"b":{}}
,"/Users/junyoungkim/Desktop/junyoung/app/source/data-structure/src/stack/stack.ts": {"path":"/Users/junyoungkim/Desktop/junyoung/app/source/data-structure/src/stack/stack.ts","statementMap":{"0":{"start":{"line":2,"column":0},"end":{"line":2,"column":42}},"1":{"start":{"line":18,"column":34},"end":{"line":18,"column":53}},"2":{"start":{"line":35,"column":8},"end":{"line":35,"column":null}},"3":{"start":{"line":55,"column":8},"end":{"line":55,"column":35}},"4":{"start":{"line":70,"column":8},"end":{"line":70,"column":null}},"5":{"start":{"line":86,"column":20},"end":{"line":86,"column":31}},"6":{"start":{"line":87,"column":8},"end":{"line":89,"column":9}},"7":{"start":{"line":88,"column":12},"end":{"line":88,"column":null}},"8":{"start":{"line":90,"column":8},"end":{"line":90,"column":19}},"9":{"start":{"line":100,"column":8},"end":{"line":100,"column":null}},"10":{"start":{"line":117,"column":8},"end":{"line":117,"column":32}},"11":{"start":{"line":122,"column":0},"end":{"line":122,"column":null}}},"fnMap":{"0":{"name":"(anonymous_0)","decl":{"start":{"line":34,"column":11},"end":{"line":34,"column":16}},"loc":{"start":{"line":34,"column":16},"end":{"line":36,"column":5}}},"1":{"name":"(anonymous_1)","decl":{"start":{"line":54,"column":11},"end":{"line":54,"column":18}},"loc":{"start":{"line":54,"column":18},"end":{"line":56,"column":5}}},"2":{"name":"(anonymous_2)","decl":{"start":{"line":69,"column":11},"end":{"line":69,"column":15}},"loc":{"start":{"line":69,"column":15},"end":{"line":71,"column":5}}},"3":{"name":"(anonymous_3)","decl":{"start":{"line":85,"column":11},"end":{"line":85,"column":14}},"loc":{"start":{"line":85,"column":14},"end":{"line":91,"column":5}}},"4":{"name":"(anonymous_4)","decl":{"start":{"line":99,"column":11},"end":{"line":99,"column":15}},"loc":{"start":{"line":99,"column":23},"end":{"line":101,"column":5}}},"5":{"name":"(anonymous_5)","decl":{"start":{"line":116,"column":11},"end":{"line":116,"column":15}},"loc":{"start":{"line":116,"column":15},"end":{"line":118,"column":5}}}},"branchMap":{"0":{"loc":{"start":{"line":87,"column":8},"end":{"line":89,"column":9}},"type":"if","locations":[{"start":{"line":87,"column":8},"end":{"line":89,"column":9}}]}},"s":{"0":4,"1":7,"2":1,"3":8,"4":13,"5":7,"6":7,"7":5,"8":7,"9":13,"10":9,"11":4},"f":{"0":1,"1":8,"2":13,"3":7,"4":13,"5":9},"b":{"0":[5]}}
}
