TN:
SF:src/index.ts
FNF:0
FNH:0
DA:1,3
DA:2,3
LF:2
LH:2
BRF:0
BRH:0
end_of_record
TN:
SF:src/linked-list/index.ts
FN:1,(anonymous_1)
FN:2,(anonymous_2)
FNF:2
FNH:2
FNDA:6,(anonymous_1)
FNDA:17,(anonymous_2)
DA:1,9
DA:2,20
LF:2
LH:2
BRF:0
BRH:0
end_of_record
TN:
SF:src/linked-list/linked-list-node.ts
FN:37,(anonymous_0)
FN:56,(anonymous_1)
FN:76,(anonymous_2)
FN:85,(anonymous_3)
FN:104,(anonymous_4)
FNF:5
FNH:5
FNDA:35,(anonymous_0)
FNDA:22,(anonymous_1)
FNDA:23,(anonymous_2)
FNDA:21,(anonymous_3)
FNDA:16,(anonymous_4)
DA:30,35
DA:38,35
DA:58,22
DA:78,23
DA:87,21
DA:106,16
DA:107,16
DA:113,3
LF:8
LH:8
BRDA:87,0,0,5
BRDA:87,0,1,16
BRF:2
BRH:2
end_of_record
TN:
SF:src/linked-list/linked-list.ts
FN:47,(anonymous_1)
FN:80,(anonymous_2)
FN:116,(anonymous_3)
FN:153,(anonymous_4)
FN:170,(anonymous_5)
FN:189,(anonymous_6)
FNF:6
FNH:6
FNDA:31,(anonymous_1)
FNDA:26,(anonymous_2)
FNDA:13,(anonymous_3)
FNDA:13,(anonymous_4)
FNDA:10,(anonymous_5)
FNDA:5,(anonymous_6)
DA:1,3
DA:11,17
DA:20,17
DA:49,31
DA:51,31
DA:52,15
DA:54,16
DA:55,16
DA:56,5
DA:58,16
DA:60,31
DA:82,26
DA:83,1
DA:85,25
DA:86,7
DA:89,18
DA:90,18
DA:91,6
DA:94,18
DA:118,13
DA:120,13
DA:121,10
DA:122,10
DA:123,10
DA:126,3
DA:127,3
DA:128,0
DA:131,3
DA:132,2
DA:133,2
DA:134,2
DA:137,1
DA:155,13
DA:172,10
DA:191,5
DA:192,5
DA:193,5
DA:194,11
DA:195,11
DA:197,5
DA:201,3
LF:41
LH:40
BRDA:51,0,0,15
BRDA:51,0,1,16
BRDA:82,1,0,1
BRDA:85,2,0,7
BRDA:85,3,0,25
BRDA:85,3,1,18
BRDA:118,4,0,0
BRDA:120,5,0,10
BRDA:127,6,0,3
BRDA:127,6,1,2
BRDA:131,7,0,2
BRF:11
BRH:10
end_of_record
TN:
SF:src/queue/index.ts
FN:1,(anonymous_1)
FNF:1
FNH:1
FNDA:7,(anonymous_1)
DA:1,10
LF:1
LH:1
BRF:0
BRH:0
end_of_record
TN:
SF:src/queue/queue.ts
FN:31,(anonymous_0)
FN:54,(anonymous_1)
FN:79,(anonymous_2)
FN:96,(anonymous_3)
FN:114,(anonymous_4)
FN:124,(anonymous_5)
FNF:6
FNH:6
FNDA:9,(anonymous_0)
FNDA:8,(anonymous_1)
FNDA:11,(anonymous_2)
FNDA:7,(anonymous_3)
FNDA:7,(anonymous_4)
FNDA:1,(anonymous_5)
DA:1,3
DA:15,7
DA:33,9
DA:56,8
DA:57,8
DA:58,7
DA:60,8
DA:81,11
DA:98,7
DA:116,7
DA:126,1
DA:127,2
DA:132,3
LF:13
LH:13
BRDA:57,0,0,7
BRF:1
BRH:1
end_of_record
