TN:
SF:src/index.ts
FNF:0
FNH:0
DA:1,4
DA:2,4
DA:3,4
LF:3
LH:3
BRF:0
BRH:0
end_of_record
TN:
SF:src/linked-list/index.ts
FN:1,(anonymous_1)
FN:2,(anonymous_2)
FNF:2
FNH:2
FNDA:6,(anonymous_1)
FNDA:26,(anonymous_2)
DA:1,10
DA:2,30
LF:2
LH:2
BRF:0
BRH:0
end_of_record
TN:
SF:src/linked-list/linked-list-node.ts
FN:37,(anonymous_0)
FN:56,(anonymous_1)
FN:76,(anonymous_2)
FN:85,(anonymous_3)
FN:104,(anonymous_4)
FNF:5
FNH:5
FNDA:54,(anonymous_0)
FNDA:36,(anonymous_1)
FNDA:26,(anonymous_2)
FNDA:24,(anonymous_3)
FNDA:18,(anonymous_4)
DA:30,54
DA:38,54
DA:58,36
DA:78,26
DA:87,24
DA:106,18
DA:107,18
DA:113,4
LF:8
LH:8
BRDA:87,0,0,6
BRDA:87,0,1,18
BRF:2
BRH:2
end_of_record
TN:
SF:src/linked-list/linked-list.ts
FN:50,(anonymous_1)
FN:93,(anonymous_2)
FN:123,(anonymous_3)
FN:159,(anonymous_4)
FN:196,(anonymous_5)
FN:213,(anonymous_6)
FN:232,(anonymous_7)
FN:256,(anonymous_8)
FNF:8
FNH:8
FNDA:34,(anonymous_1)
FNDA:16,(anonymous_2)
FNDA:45,(anonymous_3)
FNDA:16,(anonymous_4)
FNDA:25,(anonymous_5)
FNDA:17,(anonymous_6)
FNDA:5,(anonymous_7)
FNDA:3,(anonymous_8)
DA:1,4
DA:11,26
DA:20,26
DA:52,34
DA:54,34
DA:55,16
DA:57,18
DA:58,18
DA:59,6
DA:61,18
DA:63,34
DA:95,16
DA:96,16
DA:97,6
DA:99,10
DA:100,10
DA:101,10
DA:103,16
DA:125,45
DA:126,1
DA:128,44
DA:129,12
DA:132,32
DA:133,32
DA:134,13
DA:137,32
DA:161,16
DA:163,16
DA:164,13
DA:165,13
DA:166,13
DA:169,3
DA:170,3
DA:171,0
DA:174,3
DA:175,2
DA:176,2
DA:177,2
DA:180,1
DA:198,25
DA:215,17
DA:234,5
DA:235,5
DA:236,5
DA:237,11
DA:238,11
DA:240,5
DA:258,3
DA:259,3
DA:263,4
LF:50
LH:49
BRDA:54,0,0,16
BRDA:54,0,1,18
BRDA:96,1,0,6
BRDA:96,1,1,10
BRDA:125,2,0,1
BRDA:128,3,0,12
BRDA:128,4,0,44
BRDA:128,4,1,32
BRDA:161,5,0,0
BRDA:163,6,0,13
BRDA:170,7,0,3
BRDA:170,7,1,2
BRDA:174,8,0,2
BRF:13
BRH:12
end_of_record
TN:
SF:src/queue/index.ts
FN:1,(anonymous_1)
FNF:1
FNH:1
FNDA:7,(anonymous_1)
DA:1,11
LF:1
LH:1
BRF:0
BRH:0
end_of_record
TN:
SF:src/queue/queue.ts
FN:32,(anonymous_0)
FN:55,(anonymous_1)
FN:80,(anonymous_2)
FN:97,(anonymous_3)
FN:115,(anonymous_4)
FN:125,(anonymous_5)
FNF:6
FNH:6
FNDA:9,(anonymous_0)
FNDA:6,(anonymous_1)
FNDA:9,(anonymous_2)
FNDA:4,(anonymous_3)
FNDA:7,(anonymous_4)
FNDA:1,(anonymous_5)
DA:1,4
DA:15,7
DA:34,9
DA:57,6
DA:58,6
DA:59,5
DA:61,6
DA:82,9
DA:99,4
DA:117,7
DA:127,1
DA:132,4
LF:12
LH:12
BRDA:58,0,0,5
BRF:1
BRH:1
end_of_record
TN:
SF:src/stack/index.ts
FN:1,(anonymous_5)
FNF:1
FNH:1
FNDA:7,(anonymous_5)
DA:1,11
DA:2,4
LF:2
LH:2
BRF:0
BRH:0
end_of_record
TN:
SF:src/stack/stack.ts
FN:34,(anonymous_0)
FN:54,(anonymous_1)
FN:69,(anonymous_2)
FN:85,(anonymous_3)
FN:99,(anonymous_4)
FN:116,(anonymous_5)
FNF:6
FNH:6
FNDA:1,(anonymous_0)
FNDA:8,(anonymous_1)
FNDA:13,(anonymous_2)
FNDA:7,(anonymous_3)
FNDA:13,(anonymous_4)
FNDA:9,(anonymous_5)
DA:2,4
DA:18,7
DA:35,1
DA:55,8
DA:70,13
DA:86,7
DA:87,7
DA:88,5
DA:90,7
DA:100,13
DA:117,9
DA:122,4
LF:12
LH:12
BRDA:87,0,0,5
BRF:1
BRH:1
end_of_record
